* installing *source* package 'VEHouseholdTravel' ...
** R
** data
*** moving datasets to lazyload DB
[32m<U+2714>[39m Setting active project to [34m'E:/Documents/GitHub/VisionEval/sources/modules/VEHouseholdTravel.Rcheck/00_pkg_src/VEHouseholdTravel'[39m
[32m<U+2714>[39m Saving [34m'ApplyDvmtReductionsSpecifications'[39m to [34m'data/ApplyDvmtReductionsSpecifications.rda'[39m
[32m<U+2714>[39m Saving [34m'AltModeModels_ls'[39m to [34m'data/AltModeModels_ls.rda'[39m
[32m<U+2714>[39m Saving [34m'CalculateAltModeTripsSpecifications'[39m to [34m'data/CalculateAltModeTripsSpecifications.rda'[39m
[32m<U+2714>[39m Saving [34m'DvmtModel_ls'[39m to [34m'data/DvmtModel_ls.rda'[39m
[32m<U+2714>[39m Saving [34m'CalculateHouseholdDvmtSpecifications'[39m to [34m'data/CalculateHouseholdDvmtSpecifications.rda'[39m
[32m<U+2714>[39m Saving [34m'CalculateInducedDemandSpecifications'[39m to [34m'data/CalculateInducedDemandSpecifications.rda'[39m
[32m<U+2714>[39m Saving [34m'LtVehOwnModels_ls'[39m to [34m'data/LtVehOwnModels_ls.rda'[39m
[32m<U+2714>[39m Saving [34m'AveSovPropModels_ls'[39m to [34m'data/AveSovPropModels_ls.rda'[39m
[32m<U+2714>[39m Saving [34m'CalculatePolicyVmtSpecifications'[39m to [34m'data/CalculatePolicyVmtSpecifications.rda'[39m
[32m<U+2714>[39m Saving [34m'DvmtLmModels_ls'[39m to [34m'data/DvmtLmModels_ls.rda'[39m
[32m<U+2714>[39m Saving [34m'CalculateTravelDemandSpecifications'[39m to [34m'data/CalculateTravelDemandSpecifications.rda'[39m
[32m<U+2714>[39m Saving [34m'CalculateTravelDemandFutureSpecifications'[39m to [34m'data/CalculateTravelDemandFutureSpecifications.rda'[39m
[32m<U+2714>[39m Saving [34m'VehTrpLenModel_ls'[39m to [34m'data/VehTrpLenModel_ls.rda'[39m
[32m<U+2714>[39m Saving [34m'CalculateVehicleTripsSpecifications'[39m to [34m'data/CalculateVehicleTripsSpecifications.rda'[39m
[32m<U+2714>[39m Saving [34m'SovModel_ls'[39m to [34m'data/SovModel_ls.rda'[39m
[32m<U+2714>[39m Saving [34m'DivertSovTravelSpecifications'[39m to [34m'data/DivertSovTravelSpecifications.rda'[39m
[32m<U+2714>[39m Saving [34m'InitializeSpecifications'[39m to [34m'data/InitializeSpecifications.rda'[39m
[32m<U+2714>[39m Saving [34m'TravelDemandDefaults_ls'[39m to [34m'data/TravelDemandDefaults_ls.rda'[39m
  <environment: 0x0000000016d69d88>
In_df
srcref
srcfile
wholeSrcref
    [4]
srcref
  <environment: 0x0000000016d69d88>
Result_
srcref
srcfile
wholeSrcref
    [5]
  names
      [4]
      [5]
      [6]
    [1]
  [1]
  [2]
  [3]
<environment: 0x000000002d9d85a8>
  [4]
<environment: 0x000000002d9d85a8>
  [5]
names
    [2]
  [1]
  [2]
  [3]
<environment: 0x000000002e05b970>
  [4]
<environment: 0x000000002e05b970>
  [5]
names
  names
    names
** inst
** byte-compile and prepare package for lazy loading
[32m<U+2714>[39m Saving [34m'ApplyDvmtReductionsSpecifications'[39m to [34m'data/ApplyDvmtReductionsSpecifications.rda'[39m
[32m<U+2714>[39m Saving [34m'AltModeModels_ls'[39m to [34m'data/AltModeModels_ls.rda'[39m
[32m<U+2714>[39m Saving [34m'CalculateAltModeTripsSpecifications'[39m to [34m'data/CalculateAltModeTripsSpecifications.rda'[39m
[32m<U+2714>[39m Saving [34m'DvmtModel_ls'[39m to [34m'data/DvmtModel_ls.rda'[39m
[32m<U+2714>[39m Saving [34m'CalculateHouseholdDvmtSpecifications'[39m to [34m'data/CalculateHouseholdDvmtSpecifications.rda'[39m
[32m<U+2714>[39m Saving [34m'CalculateInducedDemandSpecifications'[39m to [34m'data/CalculateInducedDemandSpecifications.rda'[39m
[32m<U+2714>[39m Saving [34m'LtVehOwnModels_ls'[39m to [34m'data/LtVehOwnModels_ls.rda'[39m
[32m<U+2714>[39m Saving [34m'AveSovPropModels_ls'[39m to [34m'data/AveSovPropModels_ls.rda'[39m
[32m<U+2714>[39m Saving [34m'CalculatePolicyVmtSpecifications'[39m to [34m'data/CalculatePolicyVmtSpecifications.rda'[39m
[32m<U+2714>[39m Saving [34m'DvmtLmModels_ls'[39m to [34m'data/DvmtLmModels_ls.rda'[39m
[32m<U+2714>[39m Saving [34m'CalculateTravelDemandSpecifications'[39m to [34m'data/CalculateTravelDemandSpecifications.rda'[39m
[32m<U+2714>[39m Saving [34m'CalculateTravelDemandFutureSpecifications'[39m to [34m'data/CalculateTravelDemandFutureSpecifications.rda'[39m
[32m<U+2714>[39m Saving [34m'VehTrpLenModel_ls'[39m to [34m'data/VehTrpLenModel_ls.rda'[39m
[32m<U+2714>[39m Saving [34m'CalculateVehicleTripsSpecifications'[39m to [34m'data/CalculateVehicleTripsSpecifications.rda'[39m
[32m<U+2714>[39m Saving [34m'SovModel_ls'[39m to [34m'data/SovModel_ls.rda'[39m
[32m<U+2714>[39m Saving [34m'DivertSovTravelSpecifications'[39m to [34m'data/DivertSovTravelSpecifications.rda'[39m
[32m<U+2714>[39m Saving [34m'InitializeSpecifications'[39m to [34m'data/InitializeSpecifications.rda'[39m
[32m<U+2714>[39m Saving [34m'TravelDemandDefaults_ls'[39m to [34m'data/TravelDemandDefaults_ls.rda'[39m
** help
*** installing help indices
** building package indices
** testing if installed package can be loaded
*** arch - i386
*** arch - x64
* DONE (VEHouseholdTravel)
In R CMD INSTALL
